<?xml version="1.0" encoding="UTF-8"?>
<!-- Generated by org.testng.reporters.JUnitReportReporter -->
<testsuite hostname="EC2AMAZ-8KL45D2" failures="0" tests="3" name="com.assaignments.Assignment6" time="13.542" errors="0" timestamp="2024-10-10T08:24:27 UTC" skipped="0">
  <testcase classname="com.assaignments.Assignment6" name="login_to_app" time="8.241"/>
  <system-out/>
  <testcase classname="com.assaignments.Assignment6" name="delete" time="4.268"/>
  <system-out/>
  <testcase classname="com.assaignments.Assignment6" name="testCreateNotes" time="1.033"/>
  <system-out/>
</testsuite> <!-- com.assaignments.Assignment6 -->
